1756371211.406266 client started (73385): version 3.5a, socket /private/tmp/tmux-501/default, protocol 8
1756371211.406397 on Darwin 24.6.0 Darwin Kernel Version 24.6.0: Mon Jul 14 11:30:30 PDT 2025; root:xnu-11417.140.69~1/RELEASE_ARM64_T6020
1756371211.406419 using libevent 2.1.12-stable select
1756371211.406757 using utf8proc 2.10.0
1756371211.406776 using ncurses 6.5 20240427
1756371211.406808 flags are 0x10010000
1756371211.406817 socket is /private/tmp/tmux-501/default
1756371211.406839 trying connect
1756371211.406917 add peer 0x148018000: 6 (0x0)
1756371211.410565 sending message 111 to peer 0x148018000 (8 bytes)
1756371211.410594 sending message 111 to peer 0x148018000 (8 bytes)
1756371211.410604 sending message 101 to peer 0x148018000 (14 bytes)
1756371211.410612 sending message 109 to peer 0x148018000 (4 bytes)
1756371211.410620 sending message 102 to peer 0x148018000 (13 bytes)
1756371211.410628 sending message 108 to peer 0x148018000 (38 bytes)
1756371211.410635 sending message 112 to peer 0x148018000 (70 bytes)
1756371211.410643 sending message 112 to peer 0x148018000 (5 bytes)
1756371211.410650 sending message 112 to peer 0x148018000 (5 bytes)
1756371211.410657 sending message 112 to peer 0x148018000 (6 bytes)
1756371211.410664 sending message 112 to peer 0x148018000 (6 bytes)
1756371211.410671 sending message 112 to peer 0x148018000 (11 bytes)
1756371211.410678 sending message 112 to peer 0x148018000 (10 bytes)
1756371211.410685 sending message 112 to peer 0x148018000 (13 bytes)
1756371211.410692 sending message 112 to peer 0x148018000 (14 bytes)
1756371211.410699 sending message 112 to peer 0x148018000 (9 bytes)
1756371211.410705 sending message 112 to peer 0x148018000 (21 bytes)
1756371211.410713 sending message 112 to peer 0x148018000 (19 bytes)
1756371211.410720 sending message 112 to peer 0x148018000 (11 bytes)
1756371211.410727 sending message 112 to peer 0x148018000 (21 bytes)
1756371211.410735 sending message 112 to peer 0x148018000 (13 bytes)
1756371211.410741 sending message 112 to peer 0x148018000 (7 bytes)
1756371211.410749 sending message 112 to peer 0x148018000 (13 bytes)
1756371211.410755 sending message 112 to peer 0x148018000 (7 bytes)
1756371211.410763 sending message 112 to peer 0x148018000 (13 bytes)
1756371211.410769 sending message 112 to peer 0x148018000 (9 bytes)
1756371211.410776 sending message 112 to peer 0x148018000 (21 bytes)
1756371211.410783 sending message 112 to peer 0x148018000 (13 bytes)
1756371211.410790 sending message 112 to peer 0x148018000 (9 bytes)
1756371211.410797 sending message 112 to peer 0x148018000 (16 bytes)
1756371211.410811 sending message 112 to peer 0x148018000 (13 bytes)
1756371211.410818 sending message 112 to peer 0x148018000 (9 bytes)
1756371211.410826 sending message 112 to peer 0x148018000 (9 bytes)
1756371211.410832 sending message 112 to peer 0x148018000 (12 bytes)
1756371211.410839 sending message 112 to peer 0x148018000 (8 bytes)
1756371211.410846 sending message 112 to peer 0x148018000 (12 bytes)
1756371211.410853 sending message 112 to peer 0x148018000 (8 bytes)
1756371211.410860 sending message 112 to peer 0x148018000 (13 bytes)
1756371211.410866 sending message 112 to peer 0x148018000 (7 bytes)
1756371211.410874 sending message 112 to peer 0x148018000 (7 bytes)
1756371211.410880 sending message 112 to peer 0x148018000 (9 bytes)
1756371211.410887 sending message 112 to peer 0x148018000 (12 bytes)
1756371211.410894 sending message 112 to peer 0x148018000 (6 bytes)
1756371211.410901 sending message 112 to peer 0x148018000 (9 bytes)
1756371211.410907 sending message 112 to peer 0x148018000 (15 bytes)
1756371211.410914 sending message 112 to peer 0x148018000 (13 bytes)
1756371211.410921 sending message 112 to peer 0x148018000 (9 bytes)
1756371211.410928 sending message 112 to peer 0x148018000 (12 bytes)
1756371211.410935 sending message 112 to peer 0x148018000 (8 bytes)
1756371211.410942 sending message 112 to peer 0x148018000 (14 bytes)
1756371211.410949 sending message 112 to peer 0x148018000 (11 bytes)
1756371211.410956 sending message 112 to peer 0x148018000 (9 bytes)
1756371211.410998 sending message 112 to peer 0x148018000 (10 bytes)
1756371211.411004 sending message 112 to peer 0x148018000 (10 bytes)
1756371211.411009 sending message 112 to peer 0x148018000 (10 bytes)
1756371211.411014 sending message 112 to peer 0x148018000 (10 bytes)
1756371211.411019 sending message 112 to peer 0x148018000 (11 bytes)
1756371211.411023 sending message 112 to peer 0x148018000 (12 bytes)
1756371211.411028 sending message 112 to peer 0x148018000 (12 bytes)
1756371211.411033 sending message 112 to peer 0x148018000 (12 bytes)
1756371211.411038 sending message 112 to peer 0x148018000 (12 bytes)
1756371211.411043 sending message 112 to peer 0x148018000 (12 bytes)
1756371211.411047 sending message 112 to peer 0x148018000 (11 bytes)
1756371211.411052 sending message 112 to peer 0x148018000 (11 bytes)
1756371211.411057 sending message 112 to peer 0x148018000 (12 bytes)
1756371211.411062 sending message 112 to peer 0x148018000 (12 bytes)
1756371211.411066 sending message 112 to peer 0x148018000 (12 bytes)
1756371211.411072 sending message 112 to peer 0x148018000 (12 bytes)
1756371211.411076 sending message 112 to peer 0x148018000 (12 bytes)
1756371211.411081 sending message 112 to peer 0x148018000 (9 bytes)
1756371211.411086 sending message 112 to peer 0x148018000 (12 bytes)
1756371211.411091 sending message 112 to peer 0x148018000 (13 bytes)
1756371211.411095 sending message 112 to peer 0x148018000 (13 bytes)
1756371211.411100 sending message 112 to peer 0x148018000 (13 bytes)
1756371211.411105 sending message 112 to peer 0x148018000 (13 bytes)
1756371211.411110 sending message 112 to peer 0x148018000 (13 bytes)
1756371211.411115 sending message 112 to peer 0x148018000 (8 bytes)
1756371211.411119 sending message 112 to peer 0x148018000 (11 bytes)
1756371211.411124 sending message 112 to peer 0x148018000 (11 bytes)
1756371211.411129 sending message 112 to peer 0x148018000 (11 bytes)
1756371211.411134 sending message 112 to peer 0x148018000 (12 bytes)
1756371211.411138 sending message 112 to peer 0x148018000 (12 bytes)
1756371211.411144 sending message 112 to peer 0x148018000 (12 bytes)
1756371211.411148 sending message 112 to peer 0x148018000 (12 bytes)
1756371211.411153 sending message 112 to peer 0x148018000 (13 bytes)
1756371211.411158 sending message 112 to peer 0x148018000 (13 bytes)
1756371211.411163 sending message 112 to peer 0x148018000 (13 bytes)
1756371211.411168 sending message 112 to peer 0x148018000 (8 bytes)
1756371211.411173 sending message 112 to peer 0x148018000 (13 bytes)
1756371211.411177 sending message 112 to peer 0x148018000 (13 bytes)
1756371211.411182 sending message 112 to peer 0x148018000 (13 bytes)
1756371211.411187 sending message 112 to peer 0x148018000 (13 bytes)
1756371211.411192 sending message 112 to peer 0x148018000 (13 bytes)
1756371211.411196 sending message 112 to peer 0x148018000 (12 bytes)
1756371211.411201 sending message 112 to peer 0x148018000 (12 bytes)
1756371211.411206 sending message 112 to peer 0x148018000 (12 bytes)
1756371211.411210 sending message 112 to peer 0x148018000 (12 bytes)
1756371211.411215 sending message 112 to peer 0x148018000 (13 bytes)
1756371211.411219 sending message 112 to peer 0x148018000 (8 bytes)
1756371211.411224 sending message 112 to peer 0x148018000 (13 bytes)
1756371211.411229 sending message 112 to peer 0x148018000 (13 bytes)
1756371211.411234 sending message 112 to peer 0x148018000 (13 bytes)
1756371211.411239 sending message 112 to peer 0x148018000 (13 bytes)
1756371211.411244 sending message 112 to peer 0x148018000 (13 bytes)
1756371211.411249 sending message 112 to peer 0x148018000 (13 bytes)
1756371211.411253 sending message 112 to peer 0x148018000 (13 bytes)
1756371211.411258 sending message 112 to peer 0x148018000 (12 bytes)
1756371211.411263 sending message 112 to peer 0x148018000 (12 bytes)
1756371211.411268 sending message 112 to peer 0x148018000 (12 bytes)
1756371211.411272 sending message 112 to peer 0x148018000 (8 bytes)
1756371211.411277 sending message 112 to peer 0x148018000 (12 bytes)
1756371211.411282 sending message 112 to peer 0x148018000 (13 bytes)
1756371211.411303 sending message 112 to peer 0x148018000 (13 bytes)
1756371211.411309 sending message 112 to peer 0x148018000 (13 bytes)
1756371211.411316 sending message 112 to peer 0x148018000 (13 bytes)
1756371211.411323 sending message 112 to peer 0x148018000 (13 bytes)
1756371211.411329 sending message 112 to peer 0x148018000 (13 bytes)
1756371211.411336 sending message 112 to peer 0x148018000 (13 bytes)
1756371211.411342 sending message 112 to peer 0x148018000 (13 bytes)
1756371211.411349 sending message 112 to peer 0x148018000 (12 bytes)
1756371211.411355 sending message 112 to peer 0x148018000 (10 bytes)
1756371211.411361 sending message 112 to peer 0x148018000 (12 bytes)
1756371211.411368 sending message 112 to peer 0x148018000 (12 bytes)
1756371211.411375 sending message 112 to peer 0x148018000 (12 bytes)
1756371211.411381 sending message 112 to peer 0x148018000 (13 bytes)
1756371211.411388 sending message 112 to peer 0x148018000 (13 bytes)
1756371211.411395 sending message 112 to peer 0x148018000 (13 bytes)
1756371211.411401 sending message 112 to peer 0x148018000 (13 bytes)
1756371211.411408 sending message 112 to peer 0x148018000 (13 bytes)
1756371211.411414 sending message 112 to peer 0x148018000 (13 bytes)
1756371211.411421 sending message 112 to peer 0x148018000 (13 bytes)
1756371211.411427 sending message 112 to peer 0x148018000 (10 bytes)
1756371211.411434 sending message 112 to peer 0x148018000 (13 bytes)
1756371211.411441 sending message 112 to peer 0x148018000 (12 bytes)
1756371211.411447 sending message 112 to peer 0x148018000 (12 bytes)
1756371211.411454 sending message 112 to peer 0x148018000 (12 bytes)
1756371211.411460 sending message 112 to peer 0x148018000 (10 bytes)
1756371211.411467 sending message 112 to peer 0x148018000 (10 bytes)
1756371211.411473 sending message 112 to peer 0x148018000 (10 bytes)
1756371211.411480 sending message 112 to peer 0x148018000 (12 bytes)
1756371211.411486 sending message 112 to peer 0x148018000 (13 bytes)
1756371211.411493 sending message 112 to peer 0x148018000 (13 bytes)
1756371211.411499 sending message 112 to peer 0x148018000 (13 bytes)
1756371211.411506 sending message 112 to peer 0x148018000 (13 bytes)
1756371211.411512 sending message 112 to peer 0x148018000 (13 bytes)
1756371211.411519 sending message 112 to peer 0x148018000 (10 bytes)
1756371211.411526 sending message 112 to peer 0x148018000 (11 bytes)
1756371211.411533 sending message 112 to peer 0x148018000 (12 bytes)
1756371211.411539 sending message 112 to peer 0x148018000 (12 bytes)
1756371211.411546 sending message 112 to peer 0x148018000 (12 bytes)
1756371211.411552 sending message 112 to peer 0x148018000 (12 bytes)
1756371211.411559 sending message 112 to peer 0x148018000 (12 bytes)
1756371211.411565 sending message 112 to peer 0x148018000 (11 bytes)
1756371211.411571 sending message 112 to peer 0x148018000 (12 bytes)
1756371211.411579 sending message 112 to peer 0x148018000 (12 bytes)
1756371211.411585 sending message 112 to peer 0x148018000 (13 bytes)
1756371211.411592 sending message 112 to peer 0x148018000 (13 bytes)
1756371211.411598 sending message 112 to peer 0x148018000 (13 bytes)
1756371211.411604 sending message 112 to peer 0x148018000 (13 bytes)
1756371211.411611 sending message 112 to peer 0x148018000 (13 bytes)
1756371211.411617 sending message 112 to peer 0x148018000 (10 bytes)
1756371211.411623 sending message 112 to peer 0x148018000 (9 bytes)
1756371211.411630 sending message 112 to peer 0x148018000 (12 bytes)
1756371211.411637 sending message 112 to peer 0x148018000 (13 bytes)
1756371211.411644 sending message 112 to peer 0x148018000 (13 bytes)
1756371211.411650 sending message 112 to peer 0x148018000 (13 bytes)
1756371211.411660 sending message 112 to peer 0x148018000 (13 bytes)
1756371211.411666 sending message 112 to peer 0x148018000 (13 bytes)
1756371211.411673 sending message 112 to peer 0x148018000 (9 bytes)
1756371211.411679 sending message 112 to peer 0x148018000 (12 bytes)
1756371211.411686 sending message 112 to peer 0x148018000 (13 bytes)
1756371211.411710 sending message 112 to peer 0x148018000 (13 bytes)
1756371211.411718 sending message 112 to peer 0x148018000 (13 bytes)
1756371211.411725 sending message 112 to peer 0x148018000 (13 bytes)
1756371211.411731 sending message 112 to peer 0x148018000 (13 bytes)
1756371211.411738 sending message 112 to peer 0x148018000 (11 bytes)
1756371211.411745 sending message 112 to peer 0x148018000 (12 bytes)
1756371211.411751 sending message 112 to peer 0x148018000 (13 bytes)
1756371211.411758 sending message 112 to peer 0x148018000 (13 bytes)
1756371211.411764 sending message 112 to peer 0x148018000 (13 bytes)
1756371211.411771 sending message 112 to peer 0x148018000 (13 bytes)
1756371211.411778 sending message 112 to peer 0x148018000 (13 bytes)
1756371211.411784 sending message 112 to peer 0x148018000 (11 bytes)
1756371211.411790 sending message 112 to peer 0x148018000 (12 bytes)
1756371211.411797 sending message 112 to peer 0x148018000 (12 bytes)
1756371211.411804 sending message 112 to peer 0x148018000 (12 bytes)
1756371211.411810 sending message 112 to peer 0x148018000 (12 bytes)
1756371211.411816 sending message 112 to peer 0x148018000 (12 bytes)
1756371211.411823 sending message 112 to peer 0x148018000 (21 bytes)
1756371211.411830 sending message 112 to peer 0x148018000 (12 bytes)
1756371211.411836 sending message 112 to peer 0x148018000 (9 bytes)
1756371211.411843 sending message 112 to peer 0x148018000 (6 bytes)
1756371211.411850 sending message 112 to peer 0x148018000 (13 bytes)
1756371211.411857 sending message 112 to peer 0x148018000 (10 bytes)
1756371211.411863 sending message 112 to peer 0x148018000 (15 bytes)
1756371211.411869 sending message 112 to peer 0x148018000 (13 bytes)
1756371211.411876 sending message 112 to peer 0x148018000 (9 bytes)
1756371211.411882 sending message 112 to peer 0x148018000 (70 bytes)
1756371211.411888 sending message 112 to peer 0x148018000 (69 bytes)
1756371211.411895 sending message 112 to peer 0x148018000 (34 bytes)
1756371211.411902 sending message 112 to peer 0x148018000 (34 bytes)
1756371211.411908 sending message 112 to peer 0x148018000 (70 bytes)
1756371211.411915 sending message 112 to peer 0x148018000 (12 bytes)
1756371211.411921 sending message 112 to peer 0x148018000 (10 bytes)
1756371211.411928 sending message 112 to peer 0x148018000 (10 bytes)
1756371211.411934 sending message 112 to peer 0x148018000 (15 bytes)
1756371211.411941 sending message 112 to peer 0x148018000 (13 bytes)
1756371211.411947 sending message 112 to peer 0x148018000 (10 bytes)
1756371211.411954 sending message 112 to peer 0x148018000 (10 bytes)
1756371211.411961 sending message 112 to peer 0x148018000 (17 bytes)
1756371211.411967 sending message 112 to peer 0x148018000 (10 bytes)
1756371211.411973 sending message 112 to peer 0x148018000 (13 bytes)
1756371211.411980 sending message 112 to peer 0x148018000 (32 bytes)
1756371211.411986 sending message 112 to peer 0x148018000 (5 bytes)
1756371211.411993 sending message 112 to peer 0x148018000 (9 bytes)
1756371211.411999 sending message 112 to peer 0x148018000 (15 bytes)
1756371211.412006 sending message 112 to peer 0x148018000 (5 bytes)
1756371211.412018 sending message 104 to peer 0x148018000 (0 bytes)
1756371211.412025 sending message 110 to peer 0x148018000 (0 bytes)
1756371211.412034 sending message 107 to peer 0x148018000 (4 bytes)
1756371211.412042 sending message 105 to peer 0x148018000 (42 bytes)
1756371211.412049 sending message 105 to peer 0x148018000 (20 bytes)
1756371211.412056 sending message 105 to peer 0x148018000 (22 bytes)
1756371211.412062 sending message 105 to peer 0x148018000 (23 bytes)
1756371211.412069 sending message 105 to peer 0x148018000 (56 bytes)
1756371211.412075 sending message 105 to peer 0x148018000 (49 bytes)
1756371211.412082 sending message 105 to peer 0x148018000 (30 bytes)
1756371211.412088 sending message 105 to peer 0x148018000 (64 bytes)
1756371211.412095 sending message 105 to peer 0x148018000 (14 bytes)
1756371211.412102 sending message 105 to peer 0x148018000 (57 bytes)
1756371211.412125 sending message 105 to peer 0x148018000 (75 bytes)
1756371211.412132 sending message 105 to peer 0x148018000 (36 bytes)
1756371211.412139 sending message 105 to peer 0x148018000 (35 bytes)
1756371211.412145 sending message 105 to peer 0x148018000 (30 bytes)
1756371211.412151 sending message 105 to peer 0x148018000 (17 bytes)
1756371211.412158 sending message 105 to peer 0x148018000 (26 bytes)
1756371211.412164 sending message 105 to peer 0x148018000 (281 bytes)
1756371211.412171 sending message 105 to peer 0x148018000 (64 bytes)
1756371211.412177 sending message 105 to peer 0x148018000 (16 bytes)
1756371211.412184 sending message 105 to peer 0x148018000 (38 bytes)
1756371211.412190 sending message 105 to peer 0x148018000 (73 bytes)
1756371211.412196 sending message 105 to peer 0x148018000 (40 bytes)
1756371211.412203 sending message 105 to peer 0x148018000 (1064 bytes)
1756371211.412210 sending message 105 to peer 0x148018000 (42 bytes)
1756371211.412216 sending message 105 to peer 0x148018000 (15 bytes)
1756371211.412223 sending message 105 to peer 0x148018000 (8 bytes)
1756371211.412229 sending message 105 to peer 0x148018000 (66 bytes)
1756371211.412241 sending message 105 to peer 0x148018000 (38 bytes)
1756371211.412249 sending message 105 to peer 0x148018000 (19 bytes)
1756371211.412255 sending message 105 to peer 0x148018000 (19 bytes)
1756371211.412262 sending message 105 to peer 0x148018000 (63 bytes)
1756371211.412268 sending message 105 to peer 0x148018000 (18 bytes)
1756371211.412275 sending message 105 to peer 0x148018000 (26 bytes)
1756371211.412282 sending message 105 to peer 0x148018000 (57 bytes)
1756371211.412288 sending message 105 to peer 0x148018000 (43 bytes)
1756371211.412294 sending message 105 to peer 0x148018000 (14 bytes)
1756371211.412300 sending message 105 to peer 0x148018000 (65 bytes)
1756371211.412307 sending message 105 to peer 0x148018000 (23 bytes)
1756371211.412313 sending message 105 to peer 0x148018000 (98 bytes)
1756371211.412320 sending message 105 to peer 0x148018000 (14 bytes)
1756371211.412326 sending message 105 to peer 0x148018000 (19 bytes)
1756371211.412332 sending message 105 to peer 0x148018000 (11 bytes)
1756371211.412338 sending message 105 to peer 0x148018000 (7 bytes)
1756371211.412345 sending message 105 to peer 0x148018000 (43 bytes)
1756371211.412351 sending message 105 to peer 0x148018000 (32 bytes)
1756371211.412357 sending message 105 to peer 0x148018000 (25 bytes)
1756371211.412363 sending message 106 to peer 0x148018000 (0 bytes)
1756371211.412506 sending message 200 to peer 0x148018000 (4 bytes)
1756371211.412519 client loop enter
1756371211.412887 peer 0x148018000 message 303
1756371211.412910 open write file 2 -
1756371211.412961 sending message 305 to peer 0x148018000 (8 bytes)
1756371211.412980 write check file 2
1756371211.413054 peer 0x148018000 message 304
1756371211.413064 write 58 to file 2
1756371211.413074 peer 0x148018000 message 203
1756371211.413081 file 2 58 bytes left
1756371211.413107 write check file 2
1756371211.413115 client loop exit
